Build started 11/19/2016 2:49:16 PM.
     1>Project "C:\Users\Tilt\Projects\Voronoi-Island-Generator\Polygonal-Map-Generator\Voronoi-Island-Generator.vcxproj" on node 2 (Build target(s)).
     1>ClCompile:
         C:\Program Files (x86)\Microsoft Visual Studio 12.0\VC\bin\CL.exe /c /Zi /nologo /W3 /WX- /Od /Oy- /D WIN32 /D _DEBUG /D _WINDOWS /Gm /EHsc /RTC1 /MDd /GS /fp:precise /Zc:wchar_t /Zc:forScope /Fo"Debug\\" /Fd"Debug\vc120.pdb" /Gd /TP /analyze- /errorReport:prompt Biome.cpp BitMap.cpp Noiseutils.cpp polygonal_map_generator.cpp TileMap.cpp
         TileMap.cpp
     1>c:\users\tilt\projects\voronoi-island-generator\polygonal-map-generator\algebra.hpp(435): warning C4244: 'argument' : conversion from 'const double' to 'float', possible loss of data
     1>c:\users\tilt\projects\voronoi-island-generator\polygonal-map-generator\algebra.hpp(442): warning C4244: 'argument' : conversion from 'const double' to 'float', possible loss of data
     1>c:\users\tilt\projects\voronoi-island-generator\polygonal-map-generator\bitmap.hpp(4): fatal error C1083: Cannot open include file: 'GL/glew.h': No such file or directory
         polygonal_map_generator.cpp
     1>polygonal_map_generator.cpp(1): fatal error C1083: Cannot open include file: 'GL/glew.h': No such file or directory
         Noiseutils.cpp
     1>Noiseutils.cpp(25): fatal error C1083: Cannot open include file: 'noise/interp.h': No such file or directory
         BitMap.cpp
     1>c:\users\tilt\projects\voronoi-island-generator\polygonal-map-generator\BitMap.hpp(4): fatal error C1083: Cannot open include file: 'GL/glew.h': No such file or directory
         Biome.cpp
     1>Biome.cpp(3): fatal error C1083: Cannot open include file: 'boost\math\special_functions\round.hpp': No such file or directory
         Generating Code...
     1>Done Building Project "C:\Users\Tilt\Projects\Voronoi-Island-Generator\Polygonal-Map-Generator\Voronoi-Island-Generator.vcxproj" (Build target(s)) -- FAILED.

Build FAILED.

Time Elapsed 00:00:00.78
