Build started 6/4/2015 2:11:41 PM.
     1>Project "C:\Users\Tilt\Polygonal-Map-Generator\Polygonal-Map-Generator\Polygonal-Map-Generator.vcxproj" on node 2 (Build target(s)).
     1>C:\Program Files (x86)\MSBuild\Microsoft.Cpp\v4.0\V120\Microsoft.CppBuild.targets(388,5): warning MSB8028: The intermediate directory (Release\) contains files shared from another project (Story Board Heroes.vcxproj).  This can lead to incorrect clean and rebuild behavior.
     1>ClCompile:
         C:\Program Files (x86)\Microsoft Visual Studio 12.0\VC\bin\CL.exe /c /I"C:\lib\glfw-3.1.1\include" /I"C:\lib\glew-1.11.0\include" /I"C:\lib\libnoise-1.0.0\include" /I"C:\lib\boost-1.58.0" /Zi /nologo /W3 /WX- /O2 /Oi /Oy- /GL /D _MBCS /Gm- /EHsc /MD /GS /Gy /fp:precise /Zc:wchar_t /Zc:forScope /Fo"Release\\" /Fd"Release\vc120.pdb" /Gd /TP /analyze- /errorReport:prompt polygonal_map_generator.cpp tilemap.cpp
         polygonal_map_generator.cpp
     1>c:\users\tilt\polygonal-map-generator\polygonal-map-generator\algebra.hpp(435): warning C4244: 'argument' : conversion from 'const double' to 'float', possible loss of data
     1>c:\users\tilt\polygonal-map-generator\polygonal-map-generator\algebra.hpp(442): warning C4244: 'argument' : conversion from 'const double' to 'float', possible loss of data
     1>c:\users\tilt\polygonal-map-generator\polygonal-map-generator\bitmap.hpp(55): warning C4244: 'argument' : conversion from 'int' to 'float', possible loss of data
     1>c:\users\tilt\polygonal-map-generator\polygonal-map-generator\tilemap.hpp(26): warning C4244: 'argument' : conversion from 'const double' to 'float', possible loss of data
     1>c:\users\tilt\polygonal-map-generator\polygonal-map-generator\tilemap.hpp(95): warning C4244: 'argument' : conversion from 'const int' to 'float', possible loss of data
     1>polygonal_map_generator.cpp(32): warning C4244: '=' : conversion from 'double' to 'float', possible loss of data
     1>polygonal_map_generator.cpp(33): warning C4244: '=' : conversion from 'double' to 'float', possible loss of data
     1>polygonal_map_generator.cpp(34): warning C4244: '=' : conversion from 'double' to 'float', possible loss of data
     1>polygonal_map_generator.cpp(37): warning C4244: '=' : conversion from 'double' to 'float', possible loss of data
     1>polygonal_map_generator.cpp(45): warning C4244: '=' : conversion from 'double' to 'float', possible loss of data
     1>polygonal_map_generator.cpp(46): warning C4244: '=' : conversion from 'double' to 'float', possible loss of data
     1>polygonal_map_generator.cpp(47): warning C4244: '=' : conversion from 'double' to 'float', possible loss of data
     1>polygonal_map_generator.cpp(50): warning C4244: '=' : conversion from 'double' to 'float', possible loss of data
     1>polygonal_map_generator.cpp(107): warning C4244: 'argument' : conversion from 'int' to 'float', possible loss of data
     1>polygonal_map_generator.cpp(133): warning C4244: 'argument' : conversion from 'double' to 'float', possible loss of data
     1>polygonal_map_generator.cpp(154): warning C4244: '+=' : conversion from 'double' to 'float', possible loss of data
     1>polygonal_map_generator.cpp(177): warning C4244: 'argument' : conversion from 'time_t' to 'unsigned int', possible loss of data
         tilemap.cpp
     1>c:\users\tilt\polygonal-map-generator\polygonal-map-generator\algebra.hpp(435): warning C4244: 'argument' : conversion from 'const double' to 'float', possible loss of data
     1>c:\users\tilt\polygonal-map-generator\polygonal-map-generator\algebra.hpp(442): warning C4244: 'argument' : conversion from 'const double' to 'float', possible loss of data
     1>c:\users\tilt\polygonal-map-generator\polygonal-map-generator\bitmap.hpp(55): warning C4244: 'argument' : conversion from 'int' to 'float', possible loss of data
     1>c:\users\tilt\polygonal-map-generator\polygonal-map-generator\tilemap.hpp(26): warning C4244: 'argument' : conversion from 'const double' to 'float', possible loss of data
     1>c:\users\tilt\polygonal-map-generator\polygonal-map-generator\tilemap.hpp(95): warning C4244: 'argument' : conversion from 'const int' to 'float', possible loss of data
     1>c:\users\tilt\polygonal-map-generator\polygonal-map-generator\kdtree.hpp(66): warning C4244: 'argument' : conversion from 'double' to '__w64 int', possible loss of data
     1>tilemap.cpp(369): warning C4244: 'initializing' : conversion from 'const double' to 'GLfloat', possible loss of data
     1>tilemap.cpp(468): warning C4244: '=' : conversion from 'const double' to 'float', possible loss of data
     1>tilemap.cpp(702): warning C4244: 'argument' : conversion from 'float' to 'const int', possible loss of data
     1>tilemap.cpp(702): warning C4244: '=' : conversion from 'double' to 'float', possible loss of data
     1>tilemap.cpp(706): warning C4244: 'argument' : conversion from 'float' to 'const int', possible loss of data
     1>tilemap.cpp(706): warning C4244: '=' : conversion from 'double' to 'float', possible loss of data
     1>tilemap.cpp(718): warning C4244: '=' : conversion from 'double' to 'float', possible loss of data
     1>tilemap.cpp(719): warning C4244: '=' : conversion from 'double' to 'float', possible loss of data
     1>tilemap.cpp(720): warning C4244: '=' : conversion from 'double' to 'float', possible loss of data
     1>tilemap.cpp(989): warning C4244: 'initializing' : conversion from 'const float' to 'int', possible loss of data
     1>tilemap.cpp(990): warning C4244: 'initializing' : conversion from 'const float' to 'int', possible loss of data
     1>tilemap.cpp(997): warning C4244: 'initializing' : conversion from 'const float' to 'int', possible loss of data
     1>tilemap.cpp(998): warning C4244: 'initializing' : conversion from 'const float' to 'int', possible loss of data
     1>C:\lib\boost-1.58.0\boost\polygon\voronoi.hpp(38): warning C4244: 'argument' : conversion from 'double' to 'const int', possible loss of data
                 C:\lib\boost-1.58.0\boost\polygon\voronoi.hpp(53) : see reference to function template instantiation 'unsigned int boost::polygon::insert<boost::polygon::point_data<double>,VB>(const Point &,VB *)' being compiled
                 with
                 [
                     VB=boost::polygon::default_voronoi_builder
         ,            Point=boost::polygon::point_data<double>
                 ]
                 C:\lib\boost-1.58.0\boost\polygon\voronoi.hpp(103) : see reference to function template instantiation 'void boost::polygon::insert<PointIterator,boost::polygon::default_voronoi_builder>(const PointIterator,const PointIterator,VB *)' being compiled
                 with
                 [
                     PointIterator=std::_Vector_iterator<std::_Vector_val<std::_Simple_types<boost::polygon::point_data<double>>>>
         ,            VB=boost::polygon::default_voronoi_builder
                 ]
                 tilemap.cpp(952) : see reference to function template instantiation 'void boost::polygon::construct_voronoi<std::_Vector_iterator<std::_Vector_val<std::_Simple_types<boost::polygon::point_data<double>>>>,boost::polygon::voronoi_diagram<double,boost::polygon::voronoi_diagram_traits<T>>>(const PointIterator,const PointIterator,VD *)' being compiled
                 with
                 [
                     T=double
         ,            PointIterator=std::_Vector_iterator<std::_Vector_val<std::_Simple_types<boost::polygon::point_data<double>>>>
         ,            VD=boost::polygon::voronoi_diagram<double,boost::polygon::voronoi_diagram_traits<double>>
                 ]
       Link:
         C:\Program Files (x86)\Microsoft Visual Studio 12.0\VC\bin\link.exe /ERRORREPORT:PROMPT /OUT:"C:\Users\Tilt\Polygonal-Map-Generator\Release\Polygonal-Map-Generator.exe" /NOLOGO /LIBPATH:"C:\lib\glfw-3.1.1\lib" /LIBPATH:"C:\lib\glew-1.11.0\lib\Release\Win32" /LIBPATH:"C:\lib\libnoise-1.0.0\lib" opengl32.lib glu32.lib glew32.lib glfw3.lib glfw3dll.lib winmm.lib libnoise.lib kernel32.lib user32.lib gdi32.lib winspool.lib comdlg32.lib advapi32.lib shell32.lib ole32.lib oleaut32.lib uuid.lib odbc32.lib odbccp32.lib /MANIFEST /MANIFESTUAC:"level='asInvoker' uiAccess='false'" /manifest:embed /DEBUG /PDB:"C:\Users\Tilt\Polygonal-Map-Generator\Release\Polygonal-Map-Generator.pdb" /OPT:REF /OPT:ICF /LTCG /TLBID:1 /DYNAMICBASE /NXCOMPAT /IMPLIB:"C:\Users\Tilt\Polygonal-Map-Generator\Release\Polygonal-Map-Generator.lib" /MACHINE:X86 /SAFESEH:NO Release\biome.obj
         Release\bitmap.obj
         Release\polygonal_map_generator.obj
         Release\noiseutils.obj
         Release\tilemap.obj
         Generating code
         Finished generating code
         Polygonal-Map-Generator.vcxproj -> C:\Users\Tilt\Polygonal-Map-Generator\Release\Polygonal-Map-Generator.exe
     1>Done Building Project "C:\Users\Tilt\Polygonal-Map-Generator\Polygonal-Map-Generator\Polygonal-Map-Generator.vcxproj" (Build target(s)).

Build succeeded.

Time Elapsed 00:00:03.61
