Build started 12/24/2014 10:02:48 PM.
     1>Project "C:\Users\owen\Documents\Projects\Story Board Heroes\Story Board Heroes\Story Board Heroes.vcxproj" on node 2 (Build target(s)).
     1>ClCompile:
         C:\Program Files (x86)\Microsoft Visual Studio 12.0\VC\bin\CL.exe /c /I"C:\lib\SFML-2.1\include" /I"C:\lib\libnoise-1.0.0\include" /I"C:\lib\boost-1.56.0" /I"C:\lib\glew-1.11.0\include" /Zi /nologo /W3 /WX- /O2 /Oi /Oy- /GL /D SFML_DYNAMIC /D _MBCS /Gm- /EHsc /MD /GS /Gy /fp:precise /Zc:wchar_t /Zc:forScope /Fo"Release\\" /Fd"Release\vc120.pdb" /Gd /TP /analyze- /errorReport:prompt Engine.cpp
         Engine.cpp
     1>Engine.cpp(36): warning C4244: 'argument' : conversion from 'double' to 'GLsizei', possible loss of data
     1>Engine.cpp(63): warning C4244: 'initializing' : conversion from 'double' to 'GLfloat', possible loss of data
       Link:
         C:\Program Files (x86)\Microsoft Visual Studio 12.0\VC\bin\link.exe /ERRORREPORT:PROMPT /OUT:"C:\Users\owen\Documents\Projects\Story Board Heroes\Release\Story Board Heroes.exe" /NOLOGO /LIBPATH:"C:\lib\SFML-2.1\lib" /LIBPATH:"C:\lib\libnoise-1.0.0\bin" /LIBPATH:"C:\lib\glew-1.11.0\lib" libnoise.lib "sfml-main.lib" "sfml-graphics.lib" "sfml-window.lib" "sfml-system.lib" "sfml-audio.lib" "sfml-network.lib" opengl32.lib glu32.lib kernel32.lib user32.lib gdi32.lib winspool.lib comdlg32.lib advapi32.lib shell32.lib ole32.lib oleaut32.lib uuid.lib odbc32.lib odbccp32.lib /MANIFEST /MANIFESTUAC:"level='asInvoker' uiAccess='false'" /manifest:embed /DEBUG /PDB:"C:\Users\owen\Documents\Projects\Story Board Heroes\Release\Story Board Heroes.pdb" /OPT:REF /OPT:ICF /LTCG /TLBID:1 /DYNAMICBASE /NXCOMPAT /IMPLIB:"C:\Users\owen\Documents\Projects\Story Board Heroes\Release\Story Board Heroes.lib" /MACHINE:X86 /SAFESEH:NO Release\Action.obj
         Release\AISystem.obj
         Release\AnimationSystem.obj
         Release\AudioSystem.obj
         Release\Biome.obj
         Release\DamageSystem.obj
         Release\Engine.obj
         Release\BitMap.obj
         Release\Entity.obj
         Release\EntityFactory.obj
         Release\EntityManager.obj
         Release\Lifesystem.obj
         Release\Location.obj
         Release\main.obj
         Release\Map.obj
         Release\Matrix4x4.obj
         Release\MessageManager.obj
         Release\MovementSystem.obj
         Release\Noiseutils.obj
         Release\CollisionSystem.obj
         Release\RenderSystem.obj
         Release\RigidBody.obj
         Release\ShaderManager.obj
         Release\Sun.obj
         Release\SystemManager.obj
         Release\TagManager.obj
         Release\TextureManager.obj
         Release\TileMap.obj
         Release\Timeline.obj
         Release\TimelineSystem.obj
         Release\Vector.obj
         Release\WindowManager.obj
         Generating code
         Finished generating code
         Story Board Heroes.vcxproj -> C:\Users\owen\Documents\Projects\Story Board Heroes\Release\Story Board Heroes.exe
     1>Done Building Project "C:\Users\owen\Documents\Projects\Story Board Heroes\Story Board Heroes\Story Board Heroes.vcxproj" (Build target(s)).

Build succeeded.

Time Elapsed 00:00:05.67
