c:\users\tilt\polygonal-map-generator\polygonal-map-generator\debug\vc120.pdb
c:\users\tilt\polygonal-map-generator\polygonal-map-generator\debug\vc120.idb
c:\users\tilt\polygonal-map-generator\polygonal-map-generator\debug\matrix4x4.obj
c:\users\tilt\polygonal-map-generator\polygonal-map-generator\debug\vector.obj
c:\users\tilt\polygonal-map-generator\polygonal-map-generator\debug\biome.obj
c:\users\tilt\polygonal-map-generator\polygonal-map-generator\debug\main.obj
c:\users\tilt\polygonal-map-generator\polygonal-map-generator\debug\bitmap.obj
c:\users\tilt\polygonal-map-generator\polygonal-map-generator\debug\noiseutils.obj
c:\users\tilt\polygonal-map-generator\polygonal-map-generator\debug\engine.obj
c:\users\tilt\polygonal-map-generator\polygonal-map-generator\debug\tilemap.obj
c:\users\tilt\polygonal-map-generator\polygonal-map-generator\debug\action.obj
c:\users\tilt\polygonal-map-generator\polygonal-map-generator\debug\aisystem.obj
c:\users\tilt\polygonal-map-generator\polygonal-map-generator\debug\animationsystem.obj
c:\users\tilt\polygonal-map-generator\polygonal-map-generator\debug\audiosystem.obj
c:\users\tilt\polygonal-map-generator\polygonal-map-generator\debug\collisionsystem.obj
c:\users\tilt\polygonal-map-generator\polygonal-map-generator\debug\damagesystem.obj
c:\users\tilt\polygonal-map-generator\polygonal-map-generator\debug\entity.obj
c:\users\tilt\polygonal-map-generator\polygonal-map-generator\debug\entityfactory.obj
c:\users\tilt\polygonal-map-generator\polygonal-map-generator\debug\entitymanager.obj
c:\users\tilt\polygonal-map-generator\polygonal-map-generator\debug\inputsystem.obj
c:\users\tilt\polygonal-map-generator\polygonal-map-generator\debug\lifesystem.obj
c:\users\tilt\polygonal-map-generator\polygonal-map-generator\debug\location.obj
c:\users\tilt\polygonal-map-generator\polygonal-map-generator\debug\map.obj
c:\users\tilt\polygonal-map-generator\polygonal-map-generator\debug\messagemanager.obj
c:\users\tilt\polygonal-map-generator\polygonal-map-generator\debug\movementsystem.obj
c:\users\tilt\polygonal-map-generator\polygonal-map-generator\debug\physicssystem.obj
c:\users\tilt\polygonal-map-generator\polygonal-map-generator\debug\rendersystem.obj
c:\users\tilt\polygonal-map-generator\polygonal-map-generator\debug\rigidbody.obj
c:\users\tilt\polygonal-map-generator\polygonal-map-generator\debug\shadermanager.obj
c:\users\tilt\polygonal-map-generator\polygonal-map-generator\debug\systemmanager.obj
c:\users\tilt\polygonal-map-generator\polygonal-map-generator\debug\tagmanager.obj
c:\users\tilt\polygonal-map-generator\polygonal-map-generator\debug\texturemanager.obj
c:\users\tilt\polygonal-map-generator\polygonal-map-generator\debug\timeline.obj
c:\users\tilt\polygonal-map-generator\polygonal-map-generator\debug\timelinesystem.obj
c:\users\tilt\polygonal-map-generator\polygonal-map-generator\debug\voronoigenerator.obj
c:\users\tilt\polygonal-map-generator\polygonal-map-generator\debug\windowmanager.obj
c:\users\tilt\polygonal-map-generator\debug\polygonal-map-generator.pdb
c:\users\tilt\polygonal-map-generator\polygonal-map-generator\debug\polygona.fa5cf105.tlog\cl.command.1.tlog
c:\users\tilt\polygonal-map-generator\polygonal-map-generator\debug\polygona.fa5cf105.tlog\cl.read.1.tlog
c:\users\tilt\polygonal-map-generator\polygonal-map-generator\debug\polygona.fa5cf105.tlog\cl.write.1.tlog
c:\users\tilt\polygonal-map-generator\polygonal-map-generator\debug\polygona.fa5cf105.tlog\link-cvtres.read.1.tlog
c:\users\tilt\polygonal-map-generator\polygonal-map-generator\debug\polygona.fa5cf105.tlog\link-cvtres.write.1.tlog
c:\users\tilt\polygonal-map-generator\polygonal-map-generator\debug\polygona.fa5cf105.tlog\link-rc.read.1.tlog
c:\users\tilt\polygonal-map-generator\polygonal-map-generator\debug\polygona.fa5cf105.tlog\link-rc.write.1.tlog
c:\users\tilt\polygonal-map-generator\polygonal-map-generator\debug\polygona.fa5cf105.tlog\link.command.1.tlog
c:\users\tilt\polygonal-map-generator\polygonal-map-generator\debug\polygona.fa5cf105.tlog\link.read.1.tlog
c:\users\tilt\polygonal-map-generator\polygonal-map-generator\debug\polygona.fa5cf105.tlog\link.write.1.tlog
