Build started 6/3/2015 10:53:28 PM.
     1>Project "C:\Users\Tilt\Polygonal-Map-Generator\Polygonal-Map-Generator\Polygonal-Map-Generator.vcxproj" on node 2 (Build target(s)).
     1>C:\Program Files (x86)\MSBuild\Microsoft.Cpp\v4.0\V120\Microsoft.CppBuild.targets(388,5): warning MSB8028: The intermediate directory (Debug\) contains files shared from another project (Story Board Heroes.vcxproj).  This can lead to incorrect clean and rebuild behavior.
     1>ClCompile:
         C:\Program Files (x86)\Microsoft Visual Studio 12.0\VC\bin\CL.exe /c /I"C:\lib\glfw-3.1.1\include" /I"C:\lib\glew-1.11.0\include" /I"C:\lib\libnoise-1.0.0\include" /I"C:\lib\boost-1.58.0" /ZI /nologo /W3 /WX- /Od /Oy- /D _MBCS /Gm /EHsc /RTC1 /MDd /GS /fp:precise /Zc:wchar_t /Zc:forScope /Fo"Debug\\" /Fd"Debug\vc120.pdb" /Gd /TP /analyze- /errorReport:prompt biome.cpp bitmap.cpp polygonal_map_generator.cpp matrix.cpp noiseutils.cpp tilemap.cpp vector.cpp
         vector.cpp
         tilemap.cpp
     1>c:\users\tilt\polygonal-map-generator\polygonal-map-generator\kdtree.hpp(66): warning C4244: 'argument' : conversion from 'double' to '__w64 int', possible loss of data
     1>c:\users\tilt\polygonal-map-generator\polygonal-map-generator\tilemap.cpp(708): warning C4244: 'argument' : conversion from 'double' to 'const int', possible loss of data
     1>c:\users\tilt\polygonal-map-generator\polygonal-map-generator\tilemap.cpp(712): warning C4244: 'argument' : conversion from 'double' to 'const int', possible loss of data
     1>c:\users\tilt\polygonal-map-generator\polygonal-map-generator\tilemap.cpp(995): warning C4244: 'initializing' : conversion from 'const double' to 'int', possible loss of data
     1>c:\users\tilt\polygonal-map-generator\polygonal-map-generator\tilemap.cpp(996): warning C4244: 'initializing' : conversion from 'const double' to 'int', possible loss of data
     1>c:\users\tilt\polygonal-map-generator\polygonal-map-generator\tilemap.cpp(1003): warning C4244: 'initializing' : conversion from 'const double' to 'int', possible loss of data
     1>c:\users\tilt\polygonal-map-generator\polygonal-map-generator\tilemap.cpp(1004): warning C4244: 'initializing' : conversion from 'const double' to 'int', possible loss of data
     1>c:\program files (x86)\microsoft visual studio 12.0\vc\include\xutility(2132): warning C4996: 'std::_Copy_impl': Function call with parameters that may be unsafe - this call relies on the caller to check that the passed values are correct. To disable this warning, use -D_SCL_SECURE_NO_WARNINGS. See documentation on how to use Visual C++ 'Checked Iterators'
                 c:\program files (x86)\microsoft visual studio 12.0\vc\include\xutility(2113) : see declaration of 'std::_Copy_impl'
                 c:\users\tilt\polygonal-map-generator\polygonal-map-generator\matrix.hpp(50) : see reference to function template instantiation '_OutIt std::copy<double*,double*>(_InIt,_InIt,_OutIt)' being compiled
                 with
                 [
                     _OutIt=double *
         ,            _InIt=double *
                 ]
     1>c:\lib\boost-1.58.0\boost\polygon\voronoi.hpp(38): warning C4244: 'argument' : conversion from 'double' to 'const int', possible loss of data
                 c:\lib\boost-1.58.0\boost\polygon\voronoi.hpp(53) : see reference to function template instantiation 'unsigned int boost::polygon::insert<boost::polygon::point_data<double>,VB>(const Point &,VB *)' being compiled
                 with
                 [
                     VB=boost::polygon::default_voronoi_builder
         ,            Point=boost::polygon::point_data<double>
                 ]
                 c:\lib\boost-1.58.0\boost\polygon\voronoi.hpp(103) : see reference to function template instantiation 'void boost::polygon::insert<PointIterator,boost::polygon::default_voronoi_builder>(const PointIterator,const PointIterator,VB *)' being compiled
                 with
                 [
                     PointIterator=std::_Vector_iterator<std::_Vector_val<std::_Simple_types<boost::polygon::point_data<double>>>>
         ,            VB=boost::polygon::default_voronoi_builder
                 ]
                 c:\users\tilt\polygonal-map-generator\polygonal-map-generator\tilemap.cpp(958) : see reference to function template instantiation 'void boost::polygon::construct_voronoi<std::_Vector_iterator<std::_Vector_val<std::_Simple_types<boost::polygon::point_data<double>>>>,boost::polygon::voronoi_diagram<double,boost::polygon::voronoi_diagram_traits<T>>>(const PointIterator,const PointIterator,VD *)' being compiled
                 with
                 [
                     T=double
         ,            PointIterator=std::_Vector_iterator<std::_Vector_val<std::_Simple_types<boost::polygon::point_data<double>>>>
         ,            VD=boost::polygon::voronoi_diagram<double,boost::polygon::voronoi_diagram_traits<double>>
                 ]
         noiseutils.cpp
     1>c:\users\tilt\polygonal-map-generator\polygonal-map-generator\noiseutils.cpp(61): warning C4244: 'initializing' : conversion from 'double' to 'float', possible loss of data
     1>c:\users\tilt\polygonal-map-generator\polygonal-map-generator\noiseutils.cpp(62): warning C4244: 'initializing' : conversion from 'double' to 'float', possible loss of data
     1>c:\users\tilt\polygonal-map-generator\polygonal-map-generator\noiseutils.cpp(867): warning C4244: '=' : conversion from 'double' to 'float', possible loss of data
         matrix.cpp
     1>c:\program files (x86)\microsoft visual studio 12.0\vc\include\xutility(2132): warning C4996: 'std::_Copy_impl': Function call with parameters that may be unsafe - this call relies on the caller to check that the passed values are correct. To disable this warning, use -D_SCL_SECURE_NO_WARNINGS. See documentation on how to use Visual C++ 'Checked Iterators'
                 c:\program files (x86)\microsoft visual studio 12.0\vc\include\xutility(2113) : see declaration of 'std::_Copy_impl'
                 c:\users\tilt\polygonal-map-generator\polygonal-map-generator\matrix.hpp(50) : see reference to function template instantiation '_OutIt std::copy<double*,double*>(_InIt,_InIt,_OutIt)' being compiled
                 with
                 [
                     _OutIt=double *
         ,            _InIt=double *
                 ]
         polygonal_map_generator.cpp
     1>c:\users\tilt\polygonal-map-generator\polygonal-map-generator\polygonal_map_generator.cpp(55): warning C4244: 'argument' : conversion from 'time_t' to 'unsigned int', possible loss of data
     1>c:\program files (x86)\microsoft visual studio 12.0\vc\include\xutility(2132): warning C4996: 'std::_Copy_impl': Function call with parameters that may be unsafe - this call relies on the caller to check that the passed values are correct. To disable this warning, use -D_SCL_SECURE_NO_WARNINGS. See documentation on how to use Visual C++ 'Checked Iterators'
                 c:\program files (x86)\microsoft visual studio 12.0\vc\include\xutility(2113) : see declaration of 'std::_Copy_impl'
                 c:\users\tilt\polygonal-map-generator\polygonal-map-generator\matrix.hpp(50) : see reference to function template instantiation '_OutIt std::copy<double*,double*>(_InIt,_InIt,_OutIt)' being compiled
                 with
                 [
                     _OutIt=double *
         ,            _InIt=double *
                 ]
         bitmap.cpp
     1>c:\users\tilt\polygonal-map-generator\polygonal-map-generator\bitmap.cpp(89): warning C4244: 'initializing' : conversion from 'double' to 'float', possible loss of data
     1>c:\users\tilt\polygonal-map-generator\polygonal-map-generator\bitmap.cpp(90): warning C4244: '=' : conversion from 'double' to 'GLubyte', possible loss of data
     1>c:\users\tilt\polygonal-map-generator\polygonal-map-generator\bitmap.cpp(91): warning C4244: '=' : conversion from 'double' to 'GLubyte', possible loss of data
     1>c:\users\tilt\polygonal-map-generator\polygonal-map-generator\bitmap.cpp(92): warning C4244: '=' : conversion from 'double' to 'GLubyte', possible loss of data
     1>c:\users\tilt\polygonal-map-generator\polygonal-map-generator\bitmap.cpp(93): warning C4244: '=' : conversion from 'float' to 'GLubyte', possible loss of data
     1>c:\program files (x86)\microsoft visual studio 12.0\vc\include\xutility(2132): warning C4996: 'std::_Copy_impl': Function call with parameters that may be unsafe - this call relies on the caller to check that the passed values are correct. To disable this warning, use -D_SCL_SECURE_NO_WARNINGS. See documentation on how to use Visual C++ 'Checked Iterators'
                 c:\program files (x86)\microsoft visual studio 12.0\vc\include\xutility(2113) : see declaration of 'std::_Copy_impl'
                 c:\users\tilt\polygonal-map-generator\polygonal-map-generator\matrix.hpp(50) : see reference to function template instantiation '_OutIt std::copy<double*,double*>(_InIt,_InIt,_OutIt)' being compiled
                 with
                 [
                     _OutIt=double *
         ,            _InIt=double *
                 ]
         biome.cpp
         Generating Code...
       Link:
         C:\Program Files (x86)\Microsoft Visual Studio 12.0\VC\bin\link.exe /ERRORREPORT:PROMPT /OUT:"C:\Users\Tilt\Polygonal-Map-Generator\Debug\Polygonal-Map-Generator.exe" /INCREMENTAL /NOLOGO /LIBPATH:"C:\lib\glfw-3.1.1\lib" /LIBPATH:"C:\lib\glew-1.11.0\lib\Release\Win32" /LIBPATH:"C:\lib\libnoise-1.0.0\lib" opengl32.lib glu32.lib glew32.lib glfw3.lib glfw3dll.lib winmm.lib kernel32.lib user32.lib gdi32.lib winspool.lib comdlg32.lib advapi32.lib shell32.lib ole32.lib oleaut32.lib uuid.lib odbc32.lib odbccp32.lib /MANIFEST /MANIFESTUAC:"level='asInvoker' uiAccess='false'" /manifest:embed /DEBUG /PDB:"C:\Users\Tilt\Polygonal-Map-Generator\Debug\Polygonal-Map-Generator.pdb" /SUBSYSTEM:CONSOLE /TLBID:1 /DYNAMICBASE /NXCOMPAT /IMPLIB:"C:\Users\Tilt\Polygonal-Map-Generator\Debug\Polygonal-Map-Generator.lib" /MACHINE:X86 Debug\biome.obj
         Debug\bitmap.obj
         Debug\polygonal_map_generator.obj
         Debug\matrix.obj
         Debug\noiseutils.obj
         Debug\tilemap.obj
         Debug\vector.obj
     1>LINK : warning LNK4098: defaultlib 'MSVCRT' conflicts with use of other libs; use /NODEFAULTLIB:library
     1>bitmap.obj : error LNK2019: unresolved external symbol "public: virtual __thiscall noise::module::Module::~Module(void)" (??1Module@module@noise@@UAE@XZ) referenced in function "public: virtual __thiscall noise::module::Perlin::~Perlin(void)" (??1Perlin@module@noise@@UAE@XZ)
     1>bitmap.obj : error LNK2019: unresolved external symbol "public: __thiscall noise::module::Perlin::Perlin(void)" (??0Perlin@module@noise@@QAE@XZ) referenced in function "public: void __thiscall BitMap::GenerateNoiseMap(int)" (?GenerateNoiseMap@BitMap@@QAEXH@Z)
     1>noiseutils.obj : error LNK2019: unresolved external symbol "public: __thiscall noise::model::Cylinder::Cylinder(void)" (??0Cylinder@model@noise@@QAE@XZ) referenced in function "public: virtual void __thiscall noise::utils::NoiseMapBuilderCylinder::Build(void)" (?Build@NoiseMapBuilderCylinder@utils@noise@@UAEXXZ)
     1>noiseutils.obj : error LNK2019: unresolved external symbol "public: double __thiscall noise::model::Cylinder::GetValue(double,double)const " (?GetValue@Cylinder@model@noise@@QBENNN@Z) referenced in function "public: virtual void __thiscall noise::utils::NoiseMapBuilderCylinder::Build(void)" (?Build@NoiseMapBuilderCylinder@utils@noise@@UAEXXZ)
     1>noiseutils.obj : error LNK2019: unresolved external symbol "public: __thiscall noise::model::Plane::Plane(void)" (??0Plane@model@noise@@QAE@XZ) referenced in function "public: virtual void __thiscall noise::utils::NoiseMapBuilderPlane::Build(void)" (?Build@NoiseMapBuilderPlane@utils@noise@@UAEXXZ)
     1>noiseutils.obj : error LNK2019: unresolved external symbol "public: double __thiscall noise::model::Plane::GetValue(double,double)const " (?GetValue@Plane@model@noise@@QBENNN@Z) referenced in function "public: virtual void __thiscall noise::utils::NoiseMapBuilderPlane::Build(void)" (?Build@NoiseMapBuilderPlane@utils@noise@@UAEXXZ)
     1>noiseutils.obj : error LNK2019: unresolved external symbol "public: __thiscall noise::model::Sphere::Sphere(void)" (??0Sphere@model@noise@@QAE@XZ) referenced in function "public: virtual void __thiscall noise::utils::NoiseMapBuilderSphere::Build(void)" (?Build@NoiseMapBuilderSphere@utils@noise@@UAEXXZ)
     1>noiseutils.obj : error LNK2019: unresolved external symbol "public: double __thiscall noise::model::Sphere::GetValue(double,double)const " (?GetValue@Sphere@model@noise@@QBENNN@Z) referenced in function "public: virtual void __thiscall noise::utils::NoiseMapBuilderSphere::Build(void)" (?Build@NoiseMapBuilderSphere@utils@noise@@UAEXXZ)
     1>C:\Users\Tilt\Polygonal-Map-Generator\Debug\Polygonal-Map-Generator.exe : fatal error LNK1120: 8 unresolved externals
     1>Done Building Project "C:\Users\Tilt\Polygonal-Map-Generator\Polygonal-Map-Generator\Polygonal-Map-Generator.vcxproj" (Build target(s)) -- FAILED.

Build FAILED.

Time Elapsed 00:00:04.37
