Build started 11/2/2014 11:21:49 AM.
     1>Project "C:\Users\owen\Documents\Projects\Story Board Heroes\Story Board Heroes\Story Board Heroes.vcxproj" on node 2 (Build target(s)).
     1>ClCompile:
         C:\Program Files (x86)\Microsoft Visual Studio 12.0\VC\bin\CL.exe /c /I"C:\lib\glew-1.11.0\include" /I"C:\lib\boost-1.56.0" /I"C:\lib\libnoise-1.0.0\include" /I"C:\lib\SFML-2.1\include" /ZI /nologo /W3 /WX- /Od /Oy- /D SFML_DYNAMIC /D _MBCS /Gm /EHsc /RTC1 /MDd /GS /fp:precise /Zc:wchar_t /Zc:forScope /Fo"Debug\\" /Fd"Debug\vc120.pdb" /Gd /TP /analyze- /errorReport:prompt AISystem.cpp AnimationSystem.cpp AudioSystem.cpp DamageSystem.cpp Engine.cpp BitMap.cpp Entity.cpp EntityFactory.cpp EntityManager.cpp Lifesystem.cpp main.cpp Map.cpp Matrix4x4.cpp MessageManager.cpp MovementSystem.cpp CollisionSystem.cpp RenderSystem.cpp RigidBody.cpp ShaderManager.cpp Sun.cpp SystemManager.cpp TagManager.cpp TileMap.cpp TimelineSystem.cpp Vector.cpp WindowManager.cpp
         WindowManager.cpp
         TileMap.cpp
     1>c:\users\owen\documents\projects\story board heroes\story board heroes\kdtree.hpp(66): warning C4244: 'argument' : conversion from 'double' to '__w64 int', possible loss of data
     1>c:\users\owen\documents\projects\story board heroes\story board heroes\kdtree.hpp(86): warning C4018: '<' : signed/unsigned mismatch
     1>c:\users\owen\documents\projects\story board heroes\story board heroes\tilemap.cpp(746): warning C4244: 'argument' : conversion from 'double' to 'const int', possible loss of data
     1>c:\users\owen\documents\projects\story board heroes\story board heroes\tilemap.cpp(750): warning C4244: 'argument' : conversion from 'double' to 'const int', possible loss of data
     1>c:\users\owen\documents\projects\story board heroes\story board heroes\tilemap.cpp(1033): warning C4244: 'initializing' : conversion from 'const double' to 'int', possible loss of data
     1>c:\users\owen\documents\projects\story board heroes\story board heroes\tilemap.cpp(1034): warning C4244: 'initializing' : conversion from 'const double' to 'int', possible loss of data
     1>c:\users\owen\documents\projects\story board heroes\story board heroes\tilemap.cpp(1041): warning C4244: 'initializing' : conversion from 'const double' to 'int', possible loss of data
     1>c:\users\owen\documents\projects\story board heroes\story board heroes\tilemap.cpp(1042): warning C4244: 'initializing' : conversion from 'const double' to 'int', possible loss of data
     1>c:\program files (x86)\microsoft visual studio 12.0\vc\include\xutility(2132): warning C4996: 'std::_Copy_impl': Function call with parameters that may be unsafe - this call relies on the caller to check that the passed values are correct. To disable this warning, use -D_SCL_SECURE_NO_WARNINGS. See documentation on how to use Visual C++ 'Checked Iterators'
                 c:\program files (x86)\microsoft visual studio 12.0\vc\include\xutility(2113) : see declaration of 'std::_Copy_impl'
                 c:\users\owen\documents\projects\story board heroes\story board heroes\matrix4x4.hpp(50) : see reference to function template instantiation '_OutIt std::copy<double*,double*>(_InIt,_InIt,_OutIt)' being compiled
                 with
                 [
                     _OutIt=double *
         ,            _InIt=double *
                 ]
     1>c:\lib\boost-1.56.0\boost\polygon\voronoi.hpp(38): warning C4244: 'argument' : conversion from 'double' to 'const int', possible loss of data
                 c:\lib\boost-1.56.0\boost\polygon\voronoi.hpp(53) : see reference to function template instantiation 'unsigned int boost::polygon::insert<boost::polygon::point_data<double>,VB>(const Point &,VB *)' being compiled
                 with
                 [
                     VB=boost::polygon::default_voronoi_builder
         ,            Point=boost::polygon::point_data<double>
                 ]
                 c:\lib\boost-1.56.0\boost\polygon\voronoi.hpp(103) : see reference to function template instantiation 'void boost::polygon::insert<PointIterator,boost::polygon::default_voronoi_builder>(const PointIterator,const PointIterator,VB *)' being compiled
                 with
                 [
                     PointIterator=std::_Vector_iterator<std::_Vector_val<std::_Simple_types<boost::polygon::point_data<double>>>>
         ,            VB=boost::polygon::default_voronoi_builder
                 ]
                 c:\users\owen\documents\projects\story board heroes\story board heroes\tilemap.cpp(996) : see reference to function template instantiation 'void boost::polygon::construct_voronoi<std::_Vector_iterator<std::_Vector_val<std::_Simple_types<boost::polygon::point_data<double>>>>,boost::polygon::voronoi_diagram<double,boost::polygon::voronoi_diagram_traits<T>>>(const PointIterator,const PointIterator,VD *)' being compiled
                 with
                 [
                     T=double
         ,            PointIterator=std::_Vector_iterator<std::_Vector_val<std::_Simple_types<boost::polygon::point_data<double>>>>
         ,            VD=boost::polygon::voronoi_diagram<double,boost::polygon::voronoi_diagram_traits<double>>
                 ]
         TagManager.cpp
         ShaderManager.cpp
         RigidBody.cpp
         RenderSystem.cpp
     1>c:\program files (x86)\microsoft visual studio 12.0\vc\include\xutility(2132): warning C4996: 'std::_Copy_impl': Function call with parameters that may be unsafe - this call relies on the caller to check that the passed values are correct. To disable this warning, use -D_SCL_SECURE_NO_WARNINGS. See documentation on how to use Visual C++ 'Checked Iterators'
                 c:\program files (x86)\microsoft visual studio 12.0\vc\include\xutility(2113) : see declaration of 'std::_Copy_impl'
                 c:\users\owen\documents\projects\story board heroes\story board heroes\matrix4x4.hpp(50) : see reference to function template instantiation '_OutIt std::copy<double*,double*>(_InIt,_InIt,_OutIt)' being compiled
                 with
                 [
                     _OutIt=double *
         ,            _InIt=double *
                 ]
         CollisionSystem.cpp
     1>c:\users\owen\documents\projects\story board heroes\story board heroes\collisioncomponent.hpp(12): warning C4099: 'CollisionComponent' : type name first seen using 'class' now seen using 'struct'
                 c:\users\owen\documents\projects\story board heroes\story board heroes\collisionsystem.hpp(10) : see declaration of 'CollisionComponent'
     1>c:\users\owen\documents\projects\story board heroes\story board heroes\movementcomponent.hpp(8): warning C4099: 'MovementComponent' : type name first seen using 'class' now seen using 'struct'
                 c:\users\owen\documents\projects\story board heroes\story board heroes\collisionsystem.hpp(11) : see declaration of 'MovementComponent'
     1>c:\program files (x86)\microsoft visual studio 12.0\vc\include\xutility(2132): warning C4996: 'std::_Copy_impl': Function call with parameters that may be unsafe - this call relies on the caller to check that the passed values are correct. To disable this warning, use -D_SCL_SECURE_NO_WARNINGS. See documentation on how to use Visual C++ 'Checked Iterators'
                 c:\program files (x86)\microsoft visual studio 12.0\vc\include\xutility(2113) : see declaration of 'std::_Copy_impl'
                 c:\users\owen\documents\projects\story board heroes\story board heroes\matrix4x4.hpp(50) : see reference to function template instantiation '_OutIt std::copy<double*,double*>(_InIt,_InIt,_OutIt)' being compiled
                 with
                 [
                     _OutIt=double *
         ,            _InIt=double *
                 ]
         MovementSystem.cpp
     1>c:\users\owen\documents\projects\story board heroes\story board heroes\movementsystem.cpp(16): warning C4244: 'argument' : conversion from 'const double' to 'const int', possible loss of data
     1>c:\users\owen\documents\projects\story board heroes\story board heroes\movementsystem.cpp(19): warning C4244: 'argument' : conversion from 'const double' to 'const int', possible loss of data
     1>c:\program files (x86)\microsoft visual studio 12.0\vc\include\xutility(2132): warning C4996: 'std::_Copy_impl': Function call with parameters that may be unsafe - this call relies on the caller to check that the passed values are correct. To disable this warning, use -D_SCL_SECURE_NO_WARNINGS. See documentation on how to use Visual C++ 'Checked Iterators'
                 c:\program files (x86)\microsoft visual studio 12.0\vc\include\xutility(2113) : see declaration of 'std::_Copy_impl'
                 c:\users\owen\documents\projects\story board heroes\story board heroes\matrix4x4.hpp(50) : see reference to function template instantiation '_OutIt std::copy<double*,double*>(_InIt,_InIt,_OutIt)' being compiled
                 with
                 [
                     _OutIt=double *
         ,            _InIt=double *
                 ]
         MessageManager.cpp
         Map.cpp
         Lifesystem.cpp
         EntityFactory.cpp
     1>c:\program files (x86)\microsoft visual studio 12.0\vc\include\xutility(2132): warning C4996: 'std::_Copy_impl': Function call with parameters that may be unsafe - this call relies on the caller to check that the passed values are correct. To disable this warning, use -D_SCL_SECURE_NO_WARNINGS. See documentation on how to use Visual C++ 'Checked Iterators'
                 c:\program files (x86)\microsoft visual studio 12.0\vc\include\xutility(2113) : see declaration of 'std::_Copy_impl'
                 c:\users\owen\documents\projects\story board heroes\story board heroes\matrix4x4.hpp(50) : see reference to function template instantiation '_OutIt std::copy<double*,double*>(_InIt,_InIt,_OutIt)' being compiled
                 with
                 [
                     _OutIt=double *
         ,            _InIt=double *
                 ]
         Engine.cpp
     1>c:\users\owen\documents\projects\story board heroes\story board heroes\engine.cpp(36): warning C4244: 'argument' : conversion from 'double' to 'GLsizei', possible loss of data
     1>c:\users\owen\documents\projects\story board heroes\story board heroes\engine.cpp(63): warning C4244: 'initializing' : conversion from 'double' to 'GLfloat', possible loss of data
     1>c:\program files (x86)\microsoft visual studio 12.0\vc\include\xutility(2132): warning C4996: 'std::_Copy_impl': Function call with parameters that may be unsafe - this call relies on the caller to check that the passed values are correct. To disable this warning, use -D_SCL_SECURE_NO_WARNINGS. See documentation on how to use Visual C++ 'Checked Iterators'
                 c:\program files (x86)\microsoft visual studio 12.0\vc\include\xutility(2113) : see declaration of 'std::_Copy_impl'
                 c:\users\owen\documents\projects\story board heroes\story board heroes\matrix4x4.hpp(50) : see reference to function template instantiation '_OutIt std::copy<double*,double*>(_InIt,_InIt,_OutIt)' being compiled
                 with
                 [
                     _OutIt=double *
         ,            _InIt=double *
                 ]
         AudioSystem.cpp
         Generating Code...
         Compiling...
         Vector.cpp
         TimelineSystem.cpp
         SystemManager.cpp
         Sun.cpp
     1>c:\users\owen\documents\projects\story board heroes\story board heroes\sun.cpp(15): warning C4244: 'initializing' : conversion from 'double' to 'GLfloat', possible loss of data
     1>c:\program files (x86)\microsoft visual studio 12.0\vc\include\xutility(2132): warning C4996: 'std::_Copy_impl': Function call with parameters that may be unsafe - this call relies on the caller to check that the passed values are correct. To disable this warning, use -D_SCL_SECURE_NO_WARNINGS. See documentation on how to use Visual C++ 'Checked Iterators'
                 c:\program files (x86)\microsoft visual studio 12.0\vc\include\xutility(2113) : see declaration of 'std::_Copy_impl'
                 c:\users\owen\documents\projects\story board heroes\story board heroes\matrix4x4.hpp(50) : see reference to function template instantiation '_OutIt std::copy<double*,double*>(_InIt,_InIt,_OutIt)' being compiled
                 with
                 [
                     _OutIt=double *
         ,            _InIt=double *
                 ]
         Matrix4x4.cpp
     1>c:\program files (x86)\microsoft visual studio 12.0\vc\include\xutility(2132): warning C4996: 'std::_Copy_impl': Function call with parameters that may be unsafe - this call relies on the caller to check that the passed values are correct. To disable this warning, use -D_SCL_SECURE_NO_WARNINGS. See documentation on how to use Visual C++ 'Checked Iterators'
                 c:\program files (x86)\microsoft visual studio 12.0\vc\include\xutility(2113) : see declaration of 'std::_Copy_impl'
                 c:\users\owen\documents\projects\story board heroes\story board heroes\matrix4x4.hpp(50) : see reference to function template instantiation '_OutIt std::copy<double*,double*>(_InIt,_InIt,_OutIt)' being compiled
                 with
                 [
                     _OutIt=double *
         ,            _InIt=double *
                 ]
         main.cpp
     1>c:\users\owen\documents\projects\story board heroes\story board heroes\main.cpp(6): warning C4244: 'argument' : conversion from 'time_t' to 'unsigned int', possible loss of data
     1>c:\program files (x86)\microsoft visual studio 12.0\vc\include\xutility(2132): warning C4996: 'std::_Copy_impl': Function call with parameters that may be unsafe - this call relies on the caller to check that the passed values are correct. To disable this warning, use -D_SCL_SECURE_NO_WARNINGS. See documentation on how to use Visual C++ 'Checked Iterators'
                 c:\program files (x86)\microsoft visual studio 12.0\vc\include\xutility(2113) : see declaration of 'std::_Copy_impl'
                 c:\users\owen\documents\projects\story board heroes\story board heroes\matrix4x4.hpp(50) : see reference to function template instantiation '_OutIt std::copy<double*,double*>(_InIt,_InIt,_OutIt)' being compiled
                 with
                 [
                     _OutIt=double *
         ,            _InIt=double *
                 ]
         BitMap.cpp
     1>c:\users\owen\documents\projects\story board heroes\story board heroes\bitmap.cpp(88): warning C4244: 'initializing' : conversion from 'double' to 'int', possible loss of data
     1>c:\users\owen\documents\projects\story board heroes\story board heroes\bitmap.cpp(89): warning C4244: 'initializing' : conversion from 'double' to 'float', possible loss of data
     1>c:\users\owen\documents\projects\story board heroes\story board heroes\bitmap.cpp(90): warning C4244: '=' : conversion from 'double' to 'GLubyte', possible loss of data
     1>c:\users\owen\documents\projects\story board heroes\story board heroes\bitmap.cpp(91): warning C4244: '=' : conversion from 'double' to 'GLubyte', possible loss of data
     1>c:\users\owen\documents\projects\story board heroes\story board heroes\bitmap.cpp(92): warning C4244: '=' : conversion from 'double' to 'GLubyte', possible loss of data
     1>c:\users\owen\documents\projects\story board heroes\story board heroes\bitmap.cpp(93): warning C4244: '=' : conversion from 'float' to 'GLubyte', possible loss of data
     1>c:\program files (x86)\microsoft visual studio 12.0\vc\include\xutility(2132): warning C4996: 'std::_Copy_impl': Function call with parameters that may be unsafe - this call relies on the caller to check that the passed values are correct. To disable this warning, use -D_SCL_SECURE_NO_WARNINGS. See documentation on how to use Visual C++ 'Checked Iterators'
                 c:\program files (x86)\microsoft visual studio 12.0\vc\include\xutility(2113) : see declaration of 'std::_Copy_impl'
                 c:\users\owen\documents\projects\story board heroes\story board heroes\matrix4x4.hpp(50) : see reference to function template instantiation '_OutIt std::copy<double*,double*>(_InIt,_InIt,_OutIt)' being compiled
                 with
                 [
                     _OutIt=double *
         ,            _InIt=double *
                 ]
         DamageSystem.cpp
         AnimationSystem.cpp
         AISystem.cpp
         Generating Code...
         Skipping... (no relevant changes detected)
         EntityManager.cpp
         Entity.cpp
       Link:
         C:\Program Files (x86)\Microsoft Visual Studio 12.0\VC\bin\link.exe /ERRORREPORT:PROMPT /OUT:"C:\Users\owen\Documents\Projects\Story Board Heroes\Debug\Story Board Heroes.exe" /INCREMENTAL /NOLOGO /LIBPATH:"C:\lib\glew-1.11.0\lib" /LIBPATH:"C:\lib\libnoise-1.0.0\bin" /LIBPATH:"C:\lib\SFML-2.1\lib" libnoise.lib "sfml-main-d.lib" "sfml-graphics-d.lib" "sfml-window-d.lib" "sfml-system-d.lib" "sfml-audio-d.lib" "sfml-network-d.lib" opengl32.lib glu32.lib kernel32.lib user32.lib gdi32.lib winspool.lib comdlg32.lib advapi32.lib shell32.lib ole32.lib oleaut32.lib uuid.lib odbc32.lib odbccp32.lib /MANIFEST /MANIFESTUAC:"level='asInvoker' uiAccess='false'" /manifest:embed /DEBUG /PDB:"C:\Users\owen\Documents\Projects\Story Board Heroes\Debug\Story Board Heroes.pdb" /SUBSYSTEM:CONSOLE /TLBID:1 /DYNAMICBASE /NXCOMPAT /IMPLIB:"C:\Users\owen\Documents\Projects\Story Board Heroes\Debug\Story Board Heroes.lib" /MACHINE:X86 Debug\Action.obj
         Debug\AISystem.obj
         Debug\AnimationSystem.obj
         Debug\AudioSystem.obj
         Debug\Biome.obj
         Debug\DamageSystem.obj
         Debug\Engine.obj
         Debug\BitMap.obj
         Debug\Entity.obj
         Debug\EntityFactory.obj
         Debug\EntityManager.obj
         Debug\Lifesystem.obj
         Debug\Location.obj
         Debug\main.obj
         Debug\Map.obj
         Debug\Matrix4x4.obj
         Debug\MessageManager.obj
         Debug\MovementSystem.obj
         Debug\Noiseutils.obj
         Debug\CollisionSystem.obj
         Debug\RenderSystem.obj
         Debug\RigidBody.obj
         Debug\ShaderManager.obj
         Debug\Sun.obj
         Debug\SystemManager.obj
         Debug\TagManager.obj
         Debug\TextureManager.obj
         Debug\TileMap.obj
         Debug\Timeline.obj
         Debug\TimelineSystem.obj
         Debug\Vector.obj
         Debug\WindowManager.obj
         Story Board Heroes.vcxproj -> C:\Users\owen\Documents\Projects\Story Board Heroes\Debug\Story Board Heroes.exe
     1>Done Building Project "C:\Users\owen\Documents\Projects\Story Board Heroes\Story Board Heroes\Story Board Heroes.vcxproj" (Build target(s)).

Build succeeded.

Time Elapsed 00:00:15.90
