c:\users\owen\documents\projects\story board heroes\story board heroes\debug\vc120.pdb
c:\users\owen\documents\projects\story board heroes\story board heroes\debug\vc120.idb
c:\users\owen\documents\projects\story board heroes\story board heroes\debug\biome.obj
c:\users\owen\documents\projects\story board heroes\story board heroes\debug\engine.obj
c:\users\owen\documents\projects\story board heroes\story board heroes\debug\bitmap.obj
c:\users\owen\documents\projects\story board heroes\story board heroes\debug\location.obj
c:\users\owen\documents\projects\story board heroes\story board heroes\debug\main.obj
c:\users\owen\documents\projects\story board heroes\story board heroes\debug\matrix4x4.obj
c:\users\owen\documents\projects\story board heroes\story board heroes\debug\noiseutils.obj
c:\users\owen\documents\projects\story board heroes\story board heroes\debug\tilemap.obj
c:\users\owen\documents\projects\story board heroes\story board heroes\debug\vector.obj
c:\users\owen\documents\projects\story board heroes\story board heroes\debug\voronoigenerator.obj
c:\users\owen\documents\projects\story board heroes\debug\story board heroes.ilk
c:\users\owen\documents\projects\story board heroes\debug\story board heroes.exe
c:\users\owen\documents\projects\story board heroes\debug\story board heroes.pdb
c:\users\owen\documents\projects\story board heroes\story board heroes\debug\story bo.fa5cf105.tlog\cl.command.1.tlog
c:\users\owen\documents\projects\story board heroes\story board heroes\debug\story bo.fa5cf105.tlog\cl.read.1.tlog
c:\users\owen\documents\projects\story board heroes\story board heroes\debug\story bo.fa5cf105.tlog\cl.write.1.tlog
c:\users\owen\documents\projects\story board heroes\story board heroes\debug\story bo.fa5cf105.tlog\link.command.1.tlog
c:\users\owen\documents\projects\story board heroes\story board heroes\debug\story bo.fa5cf105.tlog\link.read.1.tlog
c:\users\owen\documents\projects\story board heroes\story board heroes\debug\story bo.fa5cf105.tlog\link.write.1.tlog
